<?xml version="1.0" encoding="UTF-8"?>
<!-- Generated by org.testng.reporters.JUnitXMLReporter -->
<testsuite ignored="1" hostname="HMS-LP-N-77" failures="0" tests="6" name="Surefire test" time="134.978" errors="0" timestamp="2025-11-17T16:19:59 IST">
  <testcase classname="tests.AddEmployeeTest" name="verifyAddEmployee" time="11.267"/>
  <testcase classname="tests.DeleteEmployeeTest" name="verifyDeleteEmployeeTest" time="13.917"/>
  <testcase classname="tests.GetAllEmployeeListTest" name="getAllEmployeeList" time="27.118"/>
  <testcase classname="tests.LoginInvalidTest" name="verifyInvalidLogin" time="2.736"/>
  <testcase classname="tests.LoginTest" name="verifyLogin" time="5.033"/>
  <testcase classname="tests.SearchEmployeeTest" name="verifySearchEmployee" time="8.291"/>
  <testcase classname="tests.SearchEmployeeIDTest" name="verifySearchEmployeeID" time="0.0">
    <ignored/>
  </testcase> <!-- verifySearchEmployeeID -->
</testsuite> <!-- Surefire test -->
