<?xml version="1.0" encoding="UTF-8"?>
<!-- Generated by org.testng.reporters.JUnitXMLReporter -->
<testsuite ignored="1" hostname="HMS-LP-N-79" failures="0" tests="8" name="Test" time="459.483" errors="0" timestamp="2026-06-05T12:25:04 IST">
  <testcase classname="tests.AddEmployeeTest" name="verifyAddEmployee" time="18.694"/>
  <testcase classname="tests.DeleteEmployeeTest" name="verifyDeleteEmployeeTest" time="13.88"/>
  <testcase classname="tests.LoginInvalidTest" name="verifyInvalidLogin" time="2.078"/>
  <testcase classname="tests.LoginTest" name="verifyLogin" time="5.368"/>
  <testcase classname="tests.SearchEmployeeTest" name="verifySearchEmployee" time="16.401"/>
  <testcase classname="tests.GetAllEmployeeListTest" name="getAllEmployeeList" time="62.493"/>
  <testcase classname="tests.AddVacanciesTest" name="verifyAddVacancy" time="63.412"/>
  <testcase classname="tests.UpdateMyInfoTest" name="verifyUpdateMyInfo" time="16.792"/>
  <testcase classname="tests.SearchEmployeeIDTest" name="verifySearchEmployeeID" time="0.0">
    <ignored/>
  </testcase> <!-- verifySearchEmployeeID -->
</testsuite> <!-- Test -->
