<?xml version="1.0" encoding="UTF-8"?>
<!-- Generated by org.testng.reporters.JUnitXMLReporter -->
<testsuite ignored="1" hostname="HMS-LP-N-79" failures="0" tests="9" name="Test" time="416.006" errors="0" timestamp="2026-07-30T11:53:30 IST">
  <testcase classname="tests.AddEmployeeTest" name="verifyAddEmployee" time="33.639"/>
  <testcase classname="tests.DeleteEmployeeTest" name="verifyDeleteEmployeeTest" time="24.044"/>
  <testcase classname="tests.LoginInvalidTest" name="verifyInvalidLogin" time="3.223"/>
  <testcase classname="tests.LoginTest" name="verifyLogin" time="7.106"/>
  <testcase classname="tests.SearchEmployeeTest" name="verifySearchEmployee" time="28.159"/>
  <testcase classname="tests.GetAllEmployeeListTest" name="getAllEmployeeList" time="68.954"/>
  <testcase classname="tests.AddVacanciesTest" name="verifyAddVacancy" time="76.906"/>
  <testcase classname="tests.UpdateMyInfoTest" name="verifyUpdatePersonalDetails" time="21.616"/>
  <testcase classname="tests.UpdateMyInfoTest" name="verifyUpdateContactDetails" time="36.25"/>
  <testcase classname="tests.SearchEmployeeIDTest" name="verifySearchEmployeeID" time="0.0">
    <ignored/>
  </testcase> <!-- verifySearchEmployeeID -->
</testsuite> <!-- Test -->
