<?xml version="1.0" encoding="UTF-8"?>
<!-- Generated by org.testng.reporters.JUnitXMLReporter -->
<testsuite ignored="1" hostname="HMS-LP-N-77" failures="0" tests="6" name="Test" time="133.156" errors="0" timestamp="2025-11-19T11:33:56 IST">
  <testcase classname="tests.AddEmployeeTest" name="verifyAddEmployee" time="12.389"/>
  <testcase classname="tests.DeleteEmployeeTest" name="verifyDeleteEmployeeTest" time="17.103"/>
  <testcase classname="tests.LoginInvalidTest" name="verifyInvalidLogin" time="2.526"/>
  <testcase classname="tests.LoginTest" name="verifyLogin" time="5.019"/>
  <testcase classname="tests.SearchEmployeeTest" name="verifySearchEmployee" time="8.203"/>
  <testcase classname="tests.GetAllEmployeeListTest" name="getAllEmployeeList" time="22.527"/>
  <testcase classname="tests.SearchEmployeeIDTest" name="verifySearchEmployeeID" time="0.0">
    <ignored/>
  </testcase> <!-- verifySearchEmployeeID -->
</testsuite> <!-- Test -->
