<?xml version="1.0" encoding="UTF-8"?>
<!-- Generated by org.testng.reporters.JUnitXMLReporter -->
<testsuite ignored="1" hostname="HMS-LP-N-77" failures="0" tests="6" name="Test" time="138.148" errors="0" timestamp="2025-11-20T16:21:47 IST">
  <testcase classname="tests.AddEmployeeTest" name="verifyAddEmployee" time="11.701"/>
  <testcase classname="tests.DeleteEmployeeTest" name="verifyDeleteEmployeeTest" time="14.305"/>
  <testcase classname="tests.LoginInvalidTest" name="verifyInvalidLogin" time="2.999"/>
  <testcase classname="tests.LoginTest" name="verifyLogin" time="5.25"/>
  <testcase classname="tests.SearchEmployeeTest" name="verifySearchEmployee" time="8.719"/>
  <testcase classname="tests.GetAllEmployeeListTest" name="getAllEmployeeList" time="27.951"/>
  <testcase classname="tests.SearchEmployeeIDTest" name="verifySearchEmployeeID" time="0.0">
    <ignored/>
  </testcase> <!-- verifySearchEmployeeID -->
</testsuite> <!-- Test -->
