<?xml version="1.0" encoding="UTF-8"?>
<testsuite xmlns:xsi="http://www.w3.org/2001/XMLSchema-instance" xsi:noNamespaceSchemaLocation="https://maven.apache.org/surefire/maven-surefire-plugin/xsd/surefire-test-report-3.0.xsd" version="3.0" name="TestSuite" time="139.977" tests="6" errors="0" skipped="0" failures="0">
  <properties>
[...]
</properties>
  <testcase name="verifyAddEmployee" classname="tests.AddEmployeeTest" time="11.711">
    <system-out><![CDATA[Test Passed: Employee added successfully.
]]></system-out>
    <system-err><![CDATA[SLF4J: Failed to load class "org.slf4j.impl.StaticLoggerBinder".
SLF4J: Defaulting to no-operation (NOP) logger implementation
SLF4J: See http://www.slf4j.org/codes.html#StaticLoggerBinder for further details.
Nov 20, 2025 4:19:31 PM org.openqa.selenium.devtools.CdpVersionFinder findNearestMatch
WARNING: Unable to find an exact match for CDP version 142, returning the closest version; found: 138; Please update to a Selenium version that supports CDP version 142
]]></system-err>
  </testcase>
  <testcase name="verifyDeleteEmployeeTest" classname="tests.DeleteEmployeeTest" time="14.315">
    <system-out><![CDATA[Employee Record after deletion: (1) Record Found
]]></system-out>
    <system-err><![CDATA[Nov 20, 2025 4:19:54 PM org.openqa.selenium.devtools.CdpVersionFinder findNearestMatch
WARNING: Unable to find an exact match for CDP version 142, returning the closest version; found: 138; Please update to a Selenium version that supports CDP version 142
]]></system-err>
  </testcase>
  <testcase name="verifyInvalidLogin" classname="tests.LoginInvalidTest" time="3.006">
    <system-out><![CDATA[Invalid credentials message is: Invalid credentials
]]></system-out>
    <system-err><![CDATA[Nov 20, 2025 4:20:19 PM org.openqa.selenium.devtools.CdpVersionFinder findNearestMatch
WARNING: Unable to find an exact match for CDP version 142, returning the closest version; found: 138; Please update to a Selenium version that supports CDP version 142
]]></system-err>
  </testcase>
  <testcase name="verifyLogin" classname="tests.LoginTest" time="5.254">
    <system-out><![CDATA[Title of the page is: OrangeHRM
Title of the page is: OrangeHRM
]]></system-out>
    <system-err><![CDATA[Nov 20, 2025 4:20:34 PM org.openqa.selenium.devtools.CdpVersionFinder findNearestMatch
WARNING: Unable to find an exact match for CDP version 142, returning the closest version; found: 138; Please update to a Selenium version that supports CDP version 142
]]></system-err>
  </testcase>
  <testcase name="verifySearchEmployee" classname="tests.SearchEmployeeTest" time="8.718">
    <system-out><![CDATA[Employee Record: (1) Record Found
]]></system-out>
    <system-err><![CDATA[Nov 20, 2025 4:20:52 PM org.openqa.selenium.devtools.CdpVersionFinder findNearestMatch
WARNING: Unable to find an exact match for CDP version 142, returning the closest version; found: 138; Please update to a Selenium version that supports CDP version 142
]]></system-err>
  </testcase>
  <testcase name="getAllEmployeeList" classname="tests.GetAllEmployeeListTest" time="27.952">
    <system-out><![CDATA[Clicking on page number: 1
Employee First Name: 123445 34
Employee First Name: 99N75 425
Employee First Name: A8DCo 4Ys
Employee First Name: Aa
Employee First Name: Amelia
Employee First Name: Anantharapu mi
Employee First Name: aniket Ashok
Employee First Name: aniket t
Employee First Name: Ash J
Employee First Name: Audie Shivdas
Employee First Name: bala kumar
Employee First Name: bb
Employee First Name: bmrtahvwhibmrtahvwhi
Employee First Name: Charles
Employee First Name: Charlotte
Employee First Name: Christopher
Employee First Name: dhbrukkuzldhbrukkuzl
Employee First Name: DHINA KARAN
Employee First Name: Emily
Employee First Name: Fabian J
Employee First Name: FName Mname
Employee First Name: ftdkux
Employee First Name: fthnvn
Employee First Name: fthnvn
Employee First Name: fthyfv
Employee First Name: ftioiu
Employee First Name: ftioiu
Employee First Name: ftioiu
Employee First Name: ftioiu
Employee First Name: ftndlm
Employee First Name: ftpjte
Employee First Name: ftyseo
Employee First Name: ftyseo
Employee First Name: ftyseo
Employee First Name: ftyseo
Employee First Name: ftyseo
Employee First Name: ftyseo
Employee First Name: ftyu
Employee First Name: Hasheem
Employee First Name: hh
Employee First Name: hind j
Employee First Name: James
Employee First Name: jbj
Employee First Name: Jobin Mathew
Employee First Name: John
Employee First Name: John
Employee First Name: John Allen
Employee First Name: John M
Employee First Name: John
Employee First Name: joker john
Clicking on page number: 2
Employee First Name: Joseph
Employee First Name: Joy
Employee First Name: Joy
Employee First Name: Joy
Employee First Name: Joy
Employee First Name: Joy
Employee First Name: Joy
Employee First Name: Joy
Employee First Name: Joy
Employee First Name: JoyToy
Employee First Name: Madison
Employee First Name: murugan moorthi
Employee First Name: Nalim
Employee First Name: Narendra G
Employee First Name: nguyen van
Employee First Name: Niranjan
Employee First Name: njycvonotxnjycvonotx
Employee First Name: Orange
Employee First Name: Peter Mac
Employee First Name: Pratik
Employee First Name: Priya
Employee First Name: Priya
Employee First Name: Priya
Employee First Name: Qwerty Qwerty
Employee First Name: Radha
Employee First Name: Rahul
Employee First Name: Rahul
Employee First Name: Rahul
Employee First Name: Rahul
Employee First Name: Rahul Mulge
Employee First Name: Rahul
Employee First Name: Ranga
Employee First Name: Ravi M
Employee First Name: Rebecca
Employee First Name: rkbqaoxdhzrkbqaoxdhz
Employee First Name: Rosanna Ryan
Employee First Name: Russel
Employee First Name: Sagar hag
Employee First Name: Sania
Employee First Name: Sara
Employee First Name: sarvesh
Employee First Name: savi N
Employee First Name: savi g
Employee First Name: savi N
Employee First Name: savi g
Employee First Name: savina dulvin
Employee First Name: savina dulvin
Employee First Name: savina dulvin
Employee First Name: Sharath V
Employee First Name: Shivaduth S
Clicking on page number: 2
Employee First Name: Joseph
Employee First Name: Joy
Employee First Name: Joy
Employee First Name: Joy
Employee First Name: Joy
Employee First Name: Joy
Employee First Name: Joy
Employee First Name: Joy
Employee First Name: Joy
Employee First Name: JoyToy
Employee First Name: Madison
Employee First Name: murugan moorthi
Employee First Name: Nalim
Employee First Name: Narendra G
Employee First Name: nguyen van
Employee First Name: Niranjan
Employee First Name: njycvonotxnjycvonotx
Employee First Name: Orange
Employee First Name: Peter Mac
Employee First Name: Pratik
Employee First Name: Priya
Employee First Name: Priya
Employee First Name: Priya
Employee First Name: Qwerty Qwerty
Employee First Name: Radha
Employee First Name: Rahul
Employee First Name: Rahul
Employee First Name: Rahul
Employee First Name: Rahul
Employee First Name: Rahul Mulge
Employee First Name: Rahul
Employee First Name: Ranga
Employee First Name: Ravi M
Employee First Name: Rebecca
Employee First Name: rkbqaoxdhzrkbqaoxdhz
Employee First Name: Rosanna Ryan
Employee First Name: Russel
Employee First Name: Sagar hag
Employee First Name: Sania
Employee First Name: Sara
Employee First Name: sarvesh
Employee First Name: savi N
Employee First Name: savi g
Employee First Name: savi N
Employee First Name: savi g
Employee First Name: savina dulvin
Employee First Name: savina dulvin
Employee First Name: savina dulvin
Employee First Name: Sharath V
Employee First Name: Shivaduth S
Clicking on page number: 3
Employee First Name: Simran Kunal
Employee First Name: siva kumar
Employee First Name: Small J
Employee First Name: sree hema
Employee First Name: sww
Employee First Name: sww
Employee First Name: Testeo
Employee First Name: Thomas
Employee First Name: Thomas Kutty
Employee First Name: Timothy Lewis
Employee First Name: Tristan
Employee First Name: uehwadquzwuehwadquzw
Employee First Name: Urvi
Employee First Name: Urvi
Employee First Name: Urvi
Employee First Name: Urvi
Employee First Name: Urvi
Employee First Name: Urvi
Employee First Name: Virat
Employee First Name: Yamuna
Employee First Name: yedghjb1 ru84
Employee First Name: yqlluQZYFR
Employee First Name: zlnudvgazrzlnudvgazr
]]></system-out>
    <system-err><![CDATA[Nov 20, 2025 4:21:11 PM org.openqa.selenium.devtools.CdpVersionFinder findNearestMatch
WARNING: Unable to find an exact match for CDP version 142, returning the closest version; found: 138; Please update to a Selenium version that supports CDP version 142
]]></system-err>
  </testcase>
</testsuite>