<?xml version="1.0" encoding="UTF-8"?>
<testng-results ignored="0" total="7" passed="6" failed="1" skipped="0">
  <reporter-output>
  </reporter-output>
  <suite started-at="2026-04-06T12:57:03 IST" name="Suite" finished-at="2026-04-06T13:01:29 IST" duration-ms="265337">
    <groups>
    </groups>
    <test started-at="2026-04-06T12:57:03 IST" name="Test" finished-at="2026-04-06T13:01:29 IST" duration-ms="265337">
      <class name="tests.LoginTest">
        <test-method is-config="true" signature="setUp()[pri:0, instance:tests.LoginTest@59662a0b]" started-at="2026-04-06T12:58:06 IST" name="setUp" finished-at="2026-04-06T12:58:10 IST" duration-ms="4524" status="PASS">
          <reporter-output>
          </reporter-output>
        </test-method> <!-- setUp -->
        <test-method signature="verifyLogin()[pri:1, instance:tests.LoginTest@59662a0b]" started-at="2026-04-06T12:58:10 IST" name="verifyLogin" finished-at="2026-04-06T12:58:16 IST" duration-ms="5312" status="PASS">
          <reporter-output>
          </reporter-output>
        </test-method> <!-- verifyLogin -->
        <test-method is-config="true" signature="tearDown()[pri:0, instance:tests.LoginTest@59662a0b]" started-at="2026-04-06T12:58:16 IST" name="tearDown" finished-at="2026-04-06T12:58:21 IST" duration-ms="5589" status="PASS">
          <reporter-output>
          </reporter-output>
        </test-method> <!-- tearDown -->
      </class> <!-- tests.LoginTest -->
      <class name="tests.AddVacanciesTest">
        <test-method is-config="true" signature="setUp()[pri:0, instance:tests.AddVacanciesTest@72967906]" started-at="2026-04-06T13:00:06 IST" name="setUp" finished-at="2026-04-06T13:00:11 IST" duration-ms="4731" status="PASS">
          <reporter-output>
          </reporter-output>
        </test-method> <!-- setUp -->
        <test-method signature="verifyAddVacancy()[pri:3, instance:tests.AddVacanciesTest@72967906]" started-at="2026-04-06T13:00:11 IST" name="verifyAddVacancy" finished-at="2026-04-06T13:01:23 IST" duration-ms="72225" status="FAIL">
          <exception class="org.openqa.selenium.NoSuchElementException">
            <message>
              <![CDATA[no such element: Unable to locate element: {"method":"xpath","selector":"//div/span[text()='Ranga  Akunuri']"}
  (Session info: chrome=146.0.7680.178)
For documentation on this error, please visit: https://www.selenium.dev/documentation/webdriver/troubleshooting/errors#no-such-element-exception
Build info: version: '4.34.0', revision: '707dcb4246*'
System info: os.name: 'Windows 10', os.arch: 'amd64', os.version: '10.0', java.version: '21.0.7'
Driver info: org.openqa.selenium.chrome.ChromeDriver
Command: [d1eeabaaaa93763f3c4d9cb7e18a90a4, findElement {using=xpath, value=//div/span[text()='Ranga  Akunuri']}]
Capabilities {acceptInsecureCerts: false, browserName: chrome, browserVersion: 146.0.7680.178, chrome: {chromedriverVersion: 146.0.7680.165 (4b989da09e1..., userDataDir: C:\Users\HOTELO~1\AppData\L...}, fedcm:accounts: true, goog:chromeOptions: {debuggerAddress: localhost:55134}, goog:processID: 12976, networkConnectionEnabled: false, pageLoadStrategy: normal, platformName: windows, proxy: Proxy(), se:cdp: ws://localhost:55134/devtoo..., se:cdpVersion: 146.0.7680.178, setWindowRect: true, strictFileInteractability: false, timeouts: {implicit: 0, pageLoad: 300000, script: 30000}, unhandledPromptBehavior: dismiss and notify, webauthn:extension:credBlob: true, webauthn:extension:largeBlob: true, webauthn:extension:minPinLength: true, webauthn:extension:prf: true, webauthn:virtualAuthenticators: true}
Session ID: d1eeabaaaa93763f3c4d9cb7e18a90a4]]>
            </message>
            <full-stacktrace>
              <![CDATA[org.openqa.selenium.NoSuchElementException: no such element: Unable to locate element: {"method":"xpath","selector":"//div/span[text()='Ranga  Akunuri']"}
  (Session info: chrome=146.0.7680.178)
For documentation on this error, please visit: https://www.selenium.dev/documentation/webdriver/troubleshooting/errors#no-such-element-exception
Build info: version: '4.34.0', revision: '707dcb4246*'
System info: os.name: 'Windows 10', os.arch: 'amd64', os.version: '10.0', java.version: '21.0.7'
Driver info: org.openqa.selenium.chrome.ChromeDriver
Command: [d1eeabaaaa93763f3c4d9cb7e18a90a4, findElement {using=xpath, value=//div/span[text()='Ranga  Akunuri']}]
Capabilities {acceptInsecureCerts: false, browserName: chrome, browserVersion: 146.0.7680.178, chrome: {chromedriverVersion: 146.0.7680.165 (4b989da09e1..., userDataDir: C:\Users\HOTELO~1\AppData\L...}, fedcm:accounts: true, goog:chromeOptions: {debuggerAddress: localhost:55134}, goog:processID: 12976, networkConnectionEnabled: false, pageLoadStrategy: normal, platformName: windows, proxy: Proxy(), se:cdp: ws://localhost:55134/devtoo..., se:cdpVersion: 146.0.7680.178, setWindowRect: true, strictFileInteractability: false, timeouts: {implicit: 0, pageLoad: 300000, script: 30000}, unhandledPromptBehavior: dismiss and notify, webauthn:extension:credBlob: true, webauthn:extension:largeBlob: true, webauthn:extension:minPinLength: true, webauthn:extension:prf: true, webauthn:virtualAuthenticators: true}
Session ID: d1eeabaaaa93763f3c4d9cb7e18a90a4
at java.base/jdk.internal.reflect.DirectConstructorHandleAccessor.newInstance(DirectConstructorHandleAccessor.java:62)
at java.base/java.lang.reflect.Constructor.newInstanceWithCaller(Constructor.java:502)
at java.base/java.lang.reflect.Constructor.newInstance(Constructor.java:486)
at org.openqa.selenium.remote.ErrorCodec.decode(ErrorCodec.java:167)
at org.openqa.selenium.remote.codec.w3c.W3CHttpResponseCodec.decode(W3CHttpResponseCodec.java:138)
at org.openqa.selenium.remote.codec.w3c.W3CHttpResponseCodec.decode(W3CHttpResponseCodec.java:50)
at org.openqa.selenium.remote.HttpCommandExecutor.execute(HttpCommandExecutor.java:215)
at org.openqa.selenium.remote.service.DriverCommandExecutor.invokeExecute(DriverCommandExecutor.java:216)
at org.openqa.selenium.remote.service.DriverCommandExecutor.execute(DriverCommandExecutor.java:174)
at org.openqa.selenium.remote.RemoteWebDriver.execute(RemoteWebDriver.java:544)
at org.openqa.selenium.remote.ElementLocation$ElementFinder$2.findElement(ElementLocation.java:165)
at org.openqa.selenium.remote.ElementLocation.findElement(ElementLocation.java:59)
at org.openqa.selenium.remote.RemoteWebDriver.findElement(RemoteWebDriver.java:367)
at org.openqa.selenium.remote.RemoteWebDriver.findElement(RemoteWebDriver.java:361)
at org.openqa.selenium.support.pagefactory.DefaultElementLocator.findElement(DefaultElementLocator.java:68)
at org.openqa.selenium.support.pagefactory.internal.LocatingElementHandler.invoke(LocatingElementHandler.java:38)
at jdk.proxy2/jdk.proxy2.$Proxy11.click(Unknown Source)
at tests.AddVacanciesTest.verifyAddVacancy(AddVacanciesTest.java:53)
at java.base/jdk.internal.reflect.DirectMethodHandleAccessor.invoke(DirectMethodHandleAccessor.java:103)
at java.base/java.lang.reflect.Method.invoke(Method.java:580)
at org.testng.internal.invokers.MethodInvocationHelper.invokeMethod(MethodInvocationHelper.java:141)
at org.testng.internal.invokers.TestInvoker.invokeMethod(TestInvoker.java:686)
at org.testng.internal.invokers.TestInvoker.invokeTestMethod(TestInvoker.java:230)
at org.testng.internal.invokers.MethodRunner.runInSequence(MethodRunner.java:63)
at org.testng.internal.invokers.TestInvoker$MethodInvocationAgent.invoke(TestInvoker.java:992)
at org.testng.internal.invokers.TestInvoker.invokeTestMethods(TestInvoker.java:203)
at org.testng.internal.invokers.TestMethodWorker.invokeTestMethods(TestMethodWorker.java:154)
at org.testng.internal.invokers.TestMethodWorker.run(TestMethodWorker.java:134)
at java.base/java.util.ArrayList.forEach(ArrayList.java:1596)
at org.testng.TestRunner.privateRun(TestRunner.java:739)
at org.testng.TestRunner.run(TestRunner.java:614)
at org.testng.SuiteRunner.runTest(SuiteRunner.java:421)
at org.testng.SuiteRunner.runSequentially(SuiteRunner.java:413)
at org.testng.SuiteRunner.privateRun(SuiteRunner.java:373)
at org.testng.SuiteRunner.run(SuiteRunner.java:312)
at org.testng.SuiteRunnerWorker.runSuite(SuiteRunnerWorker.java:52)
at org.testng.SuiteRunnerWorker.run(SuiteRunnerWorker.java:95)
at org.testng.TestNG.runSuitesSequentially(TestNG.java:1274)
at org.testng.TestNG.runSuitesLocally(TestNG.java:1208)
at org.testng.TestNG.runSuites(TestNG.java:1112)
at org.testng.TestNG.run(TestNG.java:1079)
at org.apache.maven.surefire.testng.TestNGExecutor.run(TestNGExecutor.java:308)
at org.apache.maven.surefire.testng.TestNGXmlTestSuite.execute(TestNGXmlTestSuite.java:71)
at org.apache.maven.surefire.testng.TestNGProvider.invoke(TestNGProvider.java:113)
at org.apache.maven.surefire.booter.ForkedBooter.runSuitesInProcess(ForkedBooter.java:385)
at org.apache.maven.surefire.booter.ForkedBooter.execute(ForkedBooter.java:162)
at org.apache.maven.surefire.booter.ForkedBooter.run(ForkedBooter.java:507)
at org.apache.maven.surefire.booter.ForkedBooter.main(ForkedBooter.java:495)
]]>
            </full-stacktrace>
          </exception> <!-- org.openqa.selenium.NoSuchElementException -->
          <reporter-output>
          </reporter-output>
        </test-method> <!-- verifyAddVacancy -->
        <test-method is-config="true" signature="tearDown()[pri:0, instance:tests.AddVacanciesTest@72967906]" started-at="2026-04-06T13:01:23 IST" name="tearDown" finished-at="2026-04-06T13:01:29 IST" duration-ms="5591" status="PASS">
          <reporter-output>
          </reporter-output>
        </test-method> <!-- tearDown -->
      </class> <!-- tests.AddVacanciesTest -->
      <class name="tests.GetAllEmployeeListTest">
        <test-method is-config="true" signature="setUp()[pri:0, instance:tests.GetAllEmployeeListTest@1a482e36]" started-at="2026-04-06T12:58:40 IST" name="setUp" finished-at="2026-04-06T12:58:45 IST" duration-ms="5061" status="PASS">
          <reporter-output>
          </reporter-output>
        </test-method> <!-- setUp -->
        <test-method signature="getAllEmployeeList()[pri:7, instance:tests.GetAllEmployeeListTest@1a482e36]" started-at="2026-04-06T12:58:45 IST" name="getAllEmployeeList" description="Get All Employee List with Pagination Handling" finished-at="2026-04-06T13:00:01 IST" duration-ms="75696" status="PASS">
          <reporter-output>
          </reporter-output>
        </test-method> <!-- getAllEmployeeList -->
        <test-method is-config="true" signature="tearDown()[pri:0, instance:tests.GetAllEmployeeListTest@1a482e36]" started-at="2026-04-06T13:00:01 IST" name="tearDown" finished-at="2026-04-06T13:00:06 IST" duration-ms="5569" status="PASS">
          <reporter-output>
          </reporter-output>
        </test-method> <!-- tearDown -->
      </class> <!-- tests.GetAllEmployeeListTest -->
      <class name="tests.DeleteEmployeeTest">
        <test-method is-config="true" signature="setUp()[pri:0, instance:tests.DeleteEmployeeTest@4efbca5a]" started-at="2026-04-06T12:57:28 IST" name="setUp" finished-at="2026-04-06T12:57:33 IST" duration-ms="4605" status="PASS">
          <reporter-output>
          </reporter-output>
        </test-method> <!-- setUp -->
        <test-method signature="verifyDeleteEmployeeTest()[pri:5, instance:tests.DeleteEmployeeTest@4efbca5a]" started-at="2026-04-06T12:57:33 IST" name="verifyDeleteEmployeeTest" description="Verify Delete Employee" finished-at="2026-04-06T12:57:47 IST" depends-on-methods="verifyAddEmployee" duration-ms="14664" status="PASS">
          <reporter-output>
          </reporter-output>
        </test-method> <!-- verifyDeleteEmployeeTest -->
        <test-method is-config="true" signature="tearDown()[pri:0, instance:tests.DeleteEmployeeTest@4efbca5a]" started-at="2026-04-06T12:57:47 IST" name="tearDown" finished-at="2026-04-06T12:57:53 IST" duration-ms="5579" status="PASS">
          <reporter-output>
          </reporter-output>
        </test-method> <!-- tearDown -->
      </class> <!-- tests.DeleteEmployeeTest -->
      <class name="tests.AddEmployeeTest">
        <test-method is-config="true" signature="setUp()[pri:0, instance:tests.AddEmployeeTest@c8c12ac]" started-at="2026-04-06T12:57:04 IST" name="setUp" finished-at="2026-04-06T12:57:11 IST" duration-ms="6672" status="PASS">
          <reporter-output>
          </reporter-output>
        </test-method> <!-- setUp -->
        <test-method signature="verifyAddEmployee()[pri:2, instance:tests.AddEmployeeTest@c8c12ac]" started-at="2026-04-06T12:57:11 IST" name="verifyAddEmployee" finished-at="2026-04-06T12:57:22 IST" duration-ms="11055" status="PASS">
          <reporter-output>
          </reporter-output>
        </test-method> <!-- verifyAddEmployee -->
        <test-method is-config="true" signature="tearDown()[pri:0, instance:tests.AddEmployeeTest@c8c12ac]" started-at="2026-04-06T12:57:22 IST" name="tearDown" finished-at="2026-04-06T12:57:28 IST" duration-ms="6231" status="PASS">
          <reporter-output>
          </reporter-output>
        </test-method> <!-- tearDown -->
      </class> <!-- tests.AddEmployeeTest -->
      <class name="tests.LoginInvalidTest">
        <test-method is-config="true" signature="setUp()[pri:0, instance:tests.LoginInvalidTest@1b7cc17c]" started-at="2026-04-06T12:57:53 IST" name="setUp" finished-at="2026-04-06T12:57:58 IST" duration-ms="4844" status="PASS">
          <reporter-output>
          </reporter-output>
        </test-method> <!-- setUp -->
        <test-method signature="verifyInvalidLogin()[pri:0, instance:tests.LoginInvalidTest@1b7cc17c]" started-at="2026-04-06T12:57:58 IST" name="verifyInvalidLogin" finished-at="2026-04-06T12:58:00 IST" duration-ms="2474" status="PASS">
          <reporter-output>
          </reporter-output>
        </test-method> <!-- verifyInvalidLogin -->
        <test-method is-config="true" signature="tearDown()[pri:0, instance:tests.LoginInvalidTest@1b7cc17c]" started-at="2026-04-06T12:58:00 IST" name="tearDown" finished-at="2026-04-06T12:58:06 IST" duration-ms="5557" status="PASS">
          <reporter-output>
          </reporter-output>
        </test-method> <!-- tearDown -->
      </class> <!-- tests.LoginInvalidTest -->
      <class name="tests.SearchEmployeeTest">
        <test-method is-config="true" signature="setUp()[pri:0, instance:tests.SearchEmployeeTest@77fbd92c]" started-at="2026-04-06T12:58:21 IST" name="setUp" finished-at="2026-04-06T12:58:26 IST" duration-ms="4706" status="PASS">
          <reporter-output>
          </reporter-output>
        </test-method> <!-- setUp -->
        <test-method signature="verifySearchEmployee()[pri:3, instance:tests.SearchEmployeeTest@77fbd92c]" started-at="2026-04-06T12:58:26 IST" name="verifySearchEmployee" finished-at="2026-04-06T12:58:34 IST" duration-ms="8241" status="PASS">
          <reporter-output>
          </reporter-output>
        </test-method> <!-- verifySearchEmployee -->
        <test-method is-config="true" signature="tearDown()[pri:0, instance:tests.SearchEmployeeTest@77fbd92c]" started-at="2026-04-06T12:58:34 IST" name="tearDown" finished-at="2026-04-06T12:58:40 IST" duration-ms="5720" status="PASS">
          <reporter-output>
          </reporter-output>
        </test-method> <!-- tearDown -->
      </class> <!-- tests.SearchEmployeeTest -->
    </test> <!-- Test -->
  </suite> <!-- Suite -->
</testng-results>
