<?xml version="1.0" encoding="UTF-8"?>
<testng-results ignored="0" total="6" passed="6" failed="0" skipped="0">
  <reporter-output>
  </reporter-output>
  <suite started-at="2025-11-20T16:12:08 IST" name="Suite" finished-at="2025-11-20T16:14:22 IST" duration-ms="134415">
    <groups>
    </groups>
    <test started-at="2025-11-20T16:12:08 IST" name="Test" finished-at="2025-11-20T16:14:22 IST" duration-ms="134415">
      <class name="tests.LoginTest">
        <test-method is-config="true" signature="setUp()[pri:0, instance:tests.LoginTest@c730b35]" started-at="2025-11-20T16:13:11 IST" name="setUp" finished-at="2025-11-20T16:13:16 IST" duration-ms="5020" status="PASS">
          <reporter-output>
          </reporter-output>
        </test-method> <!-- setUp -->
        <test-method signature="verifyLogin()[pri:1, instance:tests.LoginTest@c730b35]" started-at="2025-11-20T16:13:16 IST" name="verifyLogin" finished-at="2025-11-20T16:13:21 IST" duration-ms="5024" status="PASS">
          <reporter-output>
          </reporter-output>
        </test-method> <!-- verifyLogin -->
        <test-method is-config="true" signature="tearDown()[pri:0, instance:tests.LoginTest@c730b35]" started-at="2025-11-20T16:13:21 IST" name="tearDown" finished-at="2025-11-20T16:13:27 IST" duration-ms="5633" status="PASS">
          <reporter-output>
          </reporter-output>
        </test-method> <!-- tearDown -->
      </class> <!-- tests.LoginTest -->
      <class name="tests.GetAllEmployeeListTest">
        <test-method is-config="true" signature="setUp()[pri:0, instance:tests.GetAllEmployeeListTest@22555ebf]" started-at="2025-11-20T16:13:46 IST" name="setUp" finished-at="2025-11-20T16:13:51 IST" duration-ms="5065" status="PASS">
          <reporter-output>
          </reporter-output>
        </test-method> <!-- setUp -->
        <test-method signature="getAllEmployeeList()[pri:7, instance:tests.GetAllEmployeeListTest@22555ebf]" started-at="2025-11-20T16:13:51 IST" name="getAllEmployeeList" description="Get All Employee List with Pagination Handling" finished-at="2025-11-20T16:14:17 IST" duration-ms="26200" status="PASS">
          <reporter-output>
          </reporter-output>
        </test-method> <!-- getAllEmployeeList -->
        <test-method is-config="true" signature="tearDown()[pri:0, instance:tests.GetAllEmployeeListTest@22555ebf]" started-at="2025-11-20T16:14:17 IST" name="tearDown" finished-at="2025-11-20T16:14:22 IST" duration-ms="5477" status="PASS">
          <reporter-output>
          </reporter-output>
        </test-method> <!-- tearDown -->
      </class> <!-- tests.GetAllEmployeeListTest -->
      <class name="tests.DeleteEmployeeTest">
        <test-method is-config="true" signature="setUp()[pri:0, instance:tests.DeleteEmployeeTest@6c6cb480]" started-at="2025-11-20T16:12:32 IST" name="setUp" finished-at="2025-11-20T16:12:37 IST" duration-ms="5261" status="PASS">
          <reporter-output>
          </reporter-output>
        </test-method> <!-- setUp -->
        <test-method signature="verifyDeleteEmployeeTest()[pri:5, instance:tests.DeleteEmployeeTest@6c6cb480]" started-at="2025-11-20T16:12:37 IST" name="verifyDeleteEmployeeTest" description="Verify Delete Employee" finished-at="2025-11-20T16:12:51 IST" depends-on-methods="verifyAddEmployee" duration-ms="14068" status="PASS">
          <reporter-output>
          </reporter-output>
        </test-method> <!-- verifyDeleteEmployeeTest -->
        <test-method is-config="true" signature="tearDown()[pri:0, instance:tests.DeleteEmployeeTest@6c6cb480]" started-at="2025-11-20T16:12:51 IST" name="tearDown" finished-at="2025-11-20T16:12:57 IST" duration-ms="5495" status="PASS">
          <reporter-output>
          </reporter-output>
        </test-method> <!-- tearDown -->
      </class> <!-- tests.DeleteEmployeeTest -->
      <class name="tests.AddEmployeeTest">
        <test-method is-config="true" signature="setUp()[pri:0, instance:tests.AddEmployeeTest@5bf0d49]" started-at="2025-11-20T16:12:09 IST" name="setUp" finished-at="2025-11-20T16:12:13 IST" duration-ms="3965" status="PASS">
          <reporter-output>
          </reporter-output>
        </test-method> <!-- setUp -->
        <test-method signature="verifyAddEmployee()[pri:2, instance:tests.AddEmployeeTest@5bf0d49]" started-at="2025-11-20T16:12:13 IST" name="verifyAddEmployee" finished-at="2025-11-20T16:12:27 IST" duration-ms="14032" status="PASS">
          <reporter-output>
          </reporter-output>
        </test-method> <!-- verifyAddEmployee -->
        <test-method is-config="true" signature="tearDown()[pri:0, instance:tests.AddEmployeeTest@5bf0d49]" started-at="2025-11-20T16:12:27 IST" name="tearDown" finished-at="2025-11-20T16:12:32 IST" duration-ms="5537" status="PASS">
          <reporter-output>
          </reporter-output>
        </test-method> <!-- tearDown -->
      </class> <!-- tests.AddEmployeeTest -->
      <class name="tests.LoginInvalidTest">
        <test-method is-config="true" signature="setUp()[pri:0, instance:tests.LoginInvalidTest@3c46e67a]" started-at="2025-11-20T16:12:57 IST" name="setUp" finished-at="2025-11-20T16:13:02 IST" duration-ms="5132" status="PASS">
          <reporter-output>
          </reporter-output>
        </test-method> <!-- setUp -->
        <test-method signature="verifyInvalidLogin()[pri:0, instance:tests.LoginInvalidTest@3c46e67a]" started-at="2025-11-20T16:13:02 IST" name="verifyInvalidLogin" finished-at="2025-11-20T16:13:05 IST" duration-ms="2853" status="PASS">
          <reporter-output>
          </reporter-output>
        </test-method> <!-- verifyInvalidLogin -->
        <test-method is-config="true" signature="tearDown()[pri:0, instance:tests.LoginInvalidTest@3c46e67a]" started-at="2025-11-20T16:13:05 IST" name="tearDown" finished-at="2025-11-20T16:13:11 IST" duration-ms="6429" status="PASS">
          <reporter-output>
          </reporter-output>
        </test-method> <!-- tearDown -->
      </class> <!-- tests.LoginInvalidTest -->
      <class name="tests.SearchEmployeeTest">
        <test-method is-config="true" signature="setUp()[pri:0, instance:tests.SearchEmployeeTest@206a70ef]" started-at="2025-11-20T16:13:27 IST" name="setUp" finished-at="2025-11-20T16:13:32 IST" duration-ms="4750" status="PASS">
          <reporter-output>
          </reporter-output>
        </test-method> <!-- setUp -->
        <test-method signature="verifySearchEmployee()[pri:3, instance:tests.SearchEmployeeTest@206a70ef]" started-at="2025-11-20T16:13:32 IST" name="verifySearchEmployee" finished-at="2025-11-20T16:13:40 IST" duration-ms="8442" status="PASS">
          <reporter-output>
          </reporter-output>
        </test-method> <!-- verifySearchEmployee -->
        <test-method is-config="true" signature="tearDown()[pri:0, instance:tests.SearchEmployeeTest@206a70ef]" started-at="2025-11-20T16:13:40 IST" name="tearDown" finished-at="2025-11-20T16:13:46 IST" duration-ms="5452" status="PASS">
          <reporter-output>
          </reporter-output>
        </test-method> <!-- tearDown -->
      </class> <!-- tests.SearchEmployeeTest -->
    </test> <!-- Test -->
  </suite> <!-- Suite -->
</testng-results>
