<?xml version="1.0" encoding="UTF-8"?>
<testng-results ignored="0" total="1" passed="1" failed="0" skipped="0">
  <reporter-output>
  </reporter-output>
  <suite started-at="2026-04-07T16:29:58 IST" name="Default suite" finished-at="2026-04-07T16:30:30 IST" duration-ms="31362">
    <groups>
    </groups>
    <test started-at="2026-04-07T16:29:58 IST" name="Default test" finished-at="2026-04-07T16:30:30 IST" duration-ms="31362">
      <class name="tests.AddVacanciesTest">
        <test-method is-config="true" signature="setUp()[pri:0, instance:tests.AddVacanciesTest@3cd3e762]" started-at="2026-04-07T16:29:58 IST" name="setUp" finished-at="2026-04-07T16:30:02 IST" duration-ms="3589" status="PASS">
          <reporter-output>
          </reporter-output>
        </test-method> <!-- setUp -->
        <test-method signature="verifyAddVacancy()[pri:3, instance:tests.AddVacanciesTest@3cd3e762]" started-at="2026-04-07T16:30:02 IST" name="verifyAddVacancy" finished-at="2026-04-07T16:30:24 IST" duration-ms="22065" status="PASS">
          <reporter-output>
          </reporter-output>
        </test-method> <!-- verifyAddVacancy -->
        <test-method is-config="true" signature="tearDown()[pri:0, instance:tests.AddVacanciesTest@3cd3e762]" started-at="2026-04-07T16:30:24 IST" name="tearDown" finished-at="2026-04-07T16:30:30 IST" duration-ms="5618" status="PASS">
          <reporter-output>
          </reporter-output>
        </test-method> <!-- tearDown -->
      </class> <!-- tests.AddVacanciesTest -->
    </test> <!-- Default test -->
  </suite> <!-- Default suite -->
</testng-results>
