<?xml version="1.0" encoding="UTF-8"?>
<!-- Generated by org.testng.reporters.JUnitReportReporter -->
<testsuite hostname="HMS-LP-N-79" failures="0" tests="3" name="tests.UpdateMyInfoTest" time="91.174" errors="0" timestamp="2026-08-19T12:58:41 IST" skipped="0">
  <testcase classname="tests.UpdateMyInfoTest" name="verifyUpdatePersonalDetails" time="27.315"/>
  <testcase classname="tests.UpdateMyInfoTest" name="verifyUpdateContactDetails" time="41.880"/>
  <testcase classname="tests.UpdateMyInfoTest" name="verifyUpdateEmergencyContactDetails" time="21.979"/>
</testsuite> <!-- tests.UpdateMyInfoTest -->
