<?xml version="1.0" encoding="UTF-8"?>
<!-- Generated by org.testng.reporters.JUnitReportReporter -->
<testsuite hostname="HMS-LP-N-79" failures="0" tests="2" name="tests.UpdateMyInfoTest" time="81.128" errors="0" timestamp="2026-07-30T11:53:30 IST" skipped="0">
  <testcase classname="tests.UpdateMyInfoTest" name="verifyUpdatePersonalDetails" time="31.256"/>
  <testcase classname="tests.UpdateMyInfoTest" name="verifyUpdateContactDetails" time="49.872"/>
</testsuite> <!-- tests.UpdateMyInfoTest -->
